  Assembling AddTwo.asm...
c:\Irvine\SmallWin.inc(10): error A2008: syntax error : .
c:\Irvine\SmallWin.inc(11): error A2008: syntax error : .
c:\Irvine\SmallWin.inc(12): error A2008: syntax error : .
c:\Irvine\SmallWin.inc(299): error A2008: syntax error : ,
c:\Irvine\SmallWin.inc(302): error A2008: syntax error : ,
c:\Irvine\SmallWin.inc(311): error A2008: syntax error : ,
c:\Irvine\SmallWin.inc(314): error A2008: syntax error : ,
c:\Irvine\SmallWin.inc(318): error A2008: syntax error : ,
c:\Irvine\SmallWin.inc(323): error A2008: syntax error : ,
c:\Irvine\SmallWin.inc(332): error A2008: syntax error : ,
c:\Irvine\SmallWin.inc(339): error A2008: syntax error : ,
c:\Irvine\SmallWin.inc(343): error A2008: syntax error : ,
c:\Irvine\SmallWin.inc(347): error A2008: syntax error : ,
c:\Irvine\SmallWin.inc(351): error A2008: syntax error : ,
c:\Irvine\SmallWin.inc(357): error A2008: syntax error : ,
c:\Irvine\SmallWin.inc(362): error A2008: syntax error : ,
c:\Irvine\SmallWin.inc(365): error A2008: syntax error : ,
c:\Irvine\SmallWin.inc(369): error A2008: syntax error : ,
c:\Irvine\SmallWin.inc(372): error A2008: syntax error : ,
c:\Irvine\SmallWin.inc(380): error A2008: syntax error : ,
c:\Irvine\SmallWin.inc(385): error A2008: syntax error : ,
c:\Irvine\SmallWin.inc(390): error A2008: syntax error : ,
c:\Irvine\SmallWin.inc(393): error A2008: syntax error : ,
c:\Irvine\SmallWin.inc(398): error A2008: syntax error : ,
c:\Irvine\SmallWin.inc(403): error A2008: syntax error : ,
c:\Irvine\SmallWin.inc(406): error A2008: syntax error : ,
c:\Irvine\SmallWin.inc(412): error A2008: syntax error : ,
c:\Irvine\SmallWin.inc(418): error A2008: syntax error : ,
c:\Irvine\SmallWin.inc(421): error A2008: syntax error : ,
c:\Irvine\SmallWin.inc(428): error A2008: syntax error : ,
c:\Irvine\SmallWin.inc(434): error A2008: syntax error : ,
c:\Irvine\SmallWin.inc(441): error A2008: syntax error : ,
c:\Irvine\SmallWin.inc(444): error A2008: syntax error : ,
c:\Irvine\SmallWin.inc(448): error A2008: syntax error : ,
c:\Irvine\SmallWin.inc(452): error A2008: syntax error : ,
c:\Irvine\SmallWin.inc(456): error A2008: syntax error : ,
c:\Irvine\SmallWin.inc(460): error A2008: syntax error : ,
c:\Irvine\SmallWin.inc(464): error A2008: syntax error : ,
c:\Irvine\SmallWin.inc(467): error A2008: syntax error : ,
c:\Irvine\SmallWin.inc(472): error A2008: syntax error : ,
c:\Irvine\SmallWin.inc(478): error A2008: syntax error : ,
c:\Irvine\SmallWin.inc(481): error A2008: syntax error : ,
c:\Irvine\SmallWin.inc(484): error A2008: syntax error : ,
c:\Irvine\SmallWin.inc(488): error A2008: syntax error : ,
c:\Irvine\SmallWin.inc(495): error A2008: syntax error : ,
c:\Irvine\SmallWin.inc(502): error A2008: syntax error : ,
c:\Irvine\SmallWin.inc(509): error A2008: syntax error : ,
c:\Irvine\SmallWin.inc(516): error A2008: syntax error : near
c:\Irvine\Irvine32.inc(22): error A2008: syntax error : ,
c:\Irvine\Irvine32.inc(66): error A2008: syntax error : ,
c:\Irvine\Irvine32.inc(71): error A2008: syntax error : ,
c:\Irvine\Irvine32.inc(76): error A2008: syntax error : ,
c:\Irvine\Irvine32.inc(82): error A2008: syntax error : ,
c:\Irvine\Irvine32.inc(87): error A2008: syntax error : ,
c:\Irvine\Irvine32.inc(93): error A2008: syntax error : ,
c:\Irvine\Irvine32.inc(99): error A2008: syntax error : ,
AddTwo.asm(7): error A2008: syntax error : .
AddTwo.asm(8): error A2008: syntax error : .
AddTwo.asm(9): error A2008: syntax error : .
AddTwo.asm(10): error A2008: syntax error : ,
AddTwo.asm(14): error A2008: syntax error : title
AddTwo.asm(16): error A2008: syntax error : invoke
AddTwo.asm(21): error A2070: invalid instruction operands
AddTwo.asm(21): error A2070: invalid instruction operands
AddTwo.asm(22): error A2070: invalid instruction operands
AddTwo.asm(22): error A2070: invalid instruction operands
AddTwo.asm(23): error A2070: invalid instruction operands
AddTwo.asm(23): error A2070: invalid instruction operands
AddTwo.asm(30): error A2008: syntax error : INVOKE
AddTwo.asm(35): error A2070: invalid instruction operands
AddTwo.asm(35): error A2070: invalid instruction operands
AddTwo.asm(38): error A2070: invalid instruction operands
AddTwo.asm(38): error A2070: invalid instruction operands
AddTwo.asm(40): error A2008: syntax error : main
AddTwo.asm(40): error A2088: END directive required at end of file
C:\Program Files\Microsoft Visual Studio\2022\Community\MSBuild\Microsoft\VC\v170\BuildCustomizations\masm.targets(70,5): error MSB3721: The command "ml64.exe /c /nologo /Sg /Zi /Fo"x64\Debug\AddTwo.obj" /Fl"FINALtyping.lst" /I "c:\Irvine" /W3 /errorReport:prompt  /TaAddTwo.asm" exited with code 1.
